<?xml version="1.0" encoding="UTF-8"?>
<testng-results skipped="0" failed="0" ignored="0" total="21" passed="21">
  <reporter-output>
  </reporter-output>
  <suite name="PetSuite" duration-ms="11265" started-at="2024-04-26T13:33:22 EDT" finished-at="2024-04-26T13:33:33 EDT">
    <groups>
    </groups>
    <test name="PetTest" duration-ms="11265" started-at="2024-04-26T13:33:22 EDT" finished-at="2024-04-26T13:33:33 EDT">
      <class name="api.test.UserTests">
        <test-method status="PASS" signature="setupData()[pri:0, instance:api.test.UserTests@e720b71]" name="setupData" is-config="true" duration-ms="1274" started-at="2024-04-26T13:33:22 EDT" finished-at="2024-04-26T13:33:23 EDT">
          <reporter-output>
          </reporter-output>
        </test-method> <!-- setupData -->
        <test-method status="PASS" signature="testPostUser()[pri:1, instance:api.test.UserTests@e720b71]" name="testPostUser" duration-ms="3573" started-at="2024-04-26T13:33:24 EDT" finished-at="2024-04-26T13:33:27 EDT">
          <reporter-output>
          </reporter-output>
        </test-method> <!-- testPostUser -->
        <test-method status="PASS" signature="testGetUser()[pri:2, instance:api.test.UserTests@e720b71]" name="testGetUser" duration-ms="234" started-at="2024-04-26T13:33:27 EDT" finished-at="2024-04-26T13:33:27 EDT">
          <reporter-output>
          </reporter-output>
        </test-method> <!-- testGetUser -->
        <test-method status="PASS" signature="updateUser()[pri:3, instance:api.test.UserTests@e720b71]" name="updateUser" duration-ms="302" started-at="2024-04-26T13:33:27 EDT" finished-at="2024-04-26T13:33:28 EDT">
          <reporter-output>
          </reporter-output>
        </test-method> <!-- updateUser -->
        <test-method status="PASS" signature="testDeletetUser()[pri:4, instance:api.test.UserTests@e720b71]" name="testDeletetUser" duration-ms="150" started-at="2024-04-26T13:33:28 EDT" finished-at="2024-04-26T13:33:28 EDT">
          <reporter-output>
          </reporter-output>
        </test-method> <!-- testDeletetUser -->
      </class> <!-- api.test.UserTests -->
      <class name="api.test.UserTests2">
        <test-method status="PASS" signature="setupData()[pri:0, instance:api.test.UserTests2@4a87761d]" name="setupData" is-config="true" duration-ms="77" started-at="2024-04-26T13:33:28 EDT" finished-at="2024-04-26T13:33:28 EDT">
          <reporter-output>
          </reporter-output>
        </test-method> <!-- setupData -->
        <test-method status="PASS" signature="testPostUser()[pri:1, instance:api.test.UserTests2@4a87761d]" name="testPostUser" duration-ms="177" started-at="2024-04-26T13:33:28 EDT" finished-at="2024-04-26T13:33:28 EDT">
          <reporter-output>
          </reporter-output>
        </test-method> <!-- testPostUser -->
        <test-method status="PASS" signature="testGetUser()[pri:2, instance:api.test.UserTests2@4a87761d]" name="testGetUser" duration-ms="168" started-at="2024-04-26T13:33:28 EDT" finished-at="2024-04-26T13:33:28 EDT">
          <reporter-output>
          </reporter-output>
        </test-method> <!-- testGetUser -->
        <test-method status="PASS" signature="updateUser()[pri:3, instance:api.test.UserTests2@4a87761d]" name="updateUser" duration-ms="320" started-at="2024-04-26T13:33:28 EDT" finished-at="2024-04-26T13:33:29 EDT">
          <reporter-output>
          </reporter-output>
        </test-method> <!-- updateUser -->
        <test-method status="PASS" signature="testDeletetUser()[pri:4, instance:api.test.UserTests2@4a87761d]" name="testDeletetUser" duration-ms="160" started-at="2024-04-26T13:33:29 EDT" finished-at="2024-04-26T13:33:29 EDT">
          <reporter-output>
          </reporter-output>
        </test-method> <!-- testDeletetUser -->
      </class> <!-- api.test.UserTests2 -->
      <class name="api.test.PetTests">
        <test-method status="PASS" signature="setupData()[pri:0, instance:api.test.PetTests@66d1af89]" name="setupData" is-config="true" duration-ms="36" started-at="2024-04-26T13:33:29 EDT" finished-at="2024-04-26T13:33:29 EDT">
          <reporter-output>
          </reporter-output>
        </test-method> <!-- setupData -->
        <test-method status="PASS" signature="testPostPet()[pri:1, instance:api.test.PetTests@66d1af89]" name="testPostPet" duration-ms="190" started-at="2024-04-26T13:33:29 EDT" finished-at="2024-04-26T13:33:29 EDT">
          <reporter-output>
          </reporter-output>
        </test-method> <!-- testPostPet -->
        <test-method status="PASS" signature="testGetPetById()[pri:2, instance:api.test.PetTests@66d1af89]" name="testGetPetById" duration-ms="188" started-at="2024-04-26T13:33:29 EDT" finished-at="2024-04-26T13:33:29 EDT">
          <reporter-output>
          </reporter-output>
        </test-method> <!-- testGetPetById -->
        <test-method status="PASS" signature="testUpdatePet()[pri:3, instance:api.test.PetTests@66d1af89]" name="testUpdatePet" duration-ms="317" started-at="2024-04-26T13:33:29 EDT" finished-at="2024-04-26T13:33:29 EDT">
          <reporter-output>
          </reporter-output>
        </test-method> <!-- testUpdatePet -->
        <test-method status="PASS" signature="testDeletetPet()[pri:5, instance:api.test.PetTests@66d1af89]" name="testDeletetPet" duration-ms="143" started-at="2024-04-26T13:33:29 EDT" finished-at="2024-04-26T13:33:30 EDT">
          <reporter-output>
          </reporter-output>
        </test-method> <!-- testDeletetPet -->
      </class> <!-- api.test.PetTests -->
      <class name="api.test.DDTests">
        <test-method status="PASS" signature="testPostUser(java.lang.String,java.lang.String,java.lang.String,java.lang.String,java.lang.String,java.lang.String,java.lang.String)[pri:1, instance:api.test.DDTests@8646db9]" name="testPostUser" duration-ms="171" started-at="2024-04-26T13:33:31 EDT" data-provider="Data" finished-at="2024-04-26T13:33:32 EDT">
          <params>
            <param index="0">
              <value>
                <![CDATA[1010]]>
              </value>
            </param>
            <param index="1">
              <value>
                <![CDATA[testuser1]]>
              </value>
            </param>
            <param index="2">
              <value>
                <![CDATA[John]]>
              </value>
            </param>
            <param index="3">
              <value>
                <![CDATA[Canedy]]>
              </value>
            </param>
            <param index="4">
              <value>
                <![CDATA[a@gmail.com]]>
              </value>
            </param>
            <param index="5">
              <value>
                <![CDATA[test@1]]>
              </value>
            </param>
            <param index="6">
              <value>
                <![CDATA[1234567897]]>
              </value>
            </param>
          </params>
          <reporter-output>
          </reporter-output>
        </test-method> <!-- testPostUser -->
        <test-method status="PASS" signature="testPostUser(java.lang.String,java.lang.String,java.lang.String,java.lang.String,java.lang.String,java.lang.String,java.lang.String)[pri:1, instance:api.test.DDTests@8646db9]" name="testPostUser" duration-ms="148" started-at="2024-04-26T13:33:32 EDT" data-provider="Data" finished-at="2024-04-26T13:33:32 EDT">
          <params>
            <param index="0">
              <value>
                <![CDATA[1020]]>
              </value>
            </param>
            <param index="1">
              <value>
                <![CDATA[testuser2]]>
              </value>
            </param>
            <param index="2">
              <value>
                <![CDATA[Kim]]>
              </value>
            </param>
            <param index="3">
              <value>
                <![CDATA[Kom]]>
              </value>
            </param>
            <param index="4">
              <value>
                <![CDATA[b@gmail.com]]>
              </value>
            </param>
            <param index="5">
              <value>
                <![CDATA[test@2]]>
              </value>
            </param>
            <param index="6">
              <value>
                <![CDATA[1234567897]]>
              </value>
            </param>
          </params>
          <reporter-output>
          </reporter-output>
        </test-method> <!-- testPostUser -->
        <test-method status="PASS" signature="testPostUser(java.lang.String,java.lang.String,java.lang.String,java.lang.String,java.lang.String,java.lang.String,java.lang.String)[pri:1, instance:api.test.DDTests@8646db9]" name="testPostUser" duration-ms="150" started-at="2024-04-26T13:33:32 EDT" data-provider="Data" finished-at="2024-04-26T13:33:32 EDT">
          <params>
            <param index="0">
              <value>
                <![CDATA[1030]]>
              </value>
            </param>
            <param index="1">
              <value>
                <![CDATA[testuser3]]>
              </value>
            </param>
            <param index="2">
              <value>
                <![CDATA[Smith]]>
              </value>
            </param>
            <param index="3">
              <value>
                <![CDATA[Steve]]>
              </value>
            </param>
            <param index="4">
              <value>
                <![CDATA[c@gmail.com]]>
              </value>
            </param>
            <param index="5">
              <value>
                <![CDATA[test@3]]>
              </value>
            </param>
            <param index="6">
              <value>
                <![CDATA[1234567897]]>
              </value>
            </param>
          </params>
          <reporter-output>
          </reporter-output>
        </test-method> <!-- testPostUser -->
        <test-method status="PASS" signature="testgetUser(java.lang.String)[pri:2, instance:api.test.DDTests@8646db9]" name="testgetUser" duration-ms="141" started-at="2024-04-26T13:33:32 EDT" data-provider="UserNames" finished-at="2024-04-26T13:33:32 EDT">
          <params>
            <param index="0">
              <value>
                <![CDATA[testuser1]]>
              </value>
            </param>
          </params>
          <reporter-output>
          </reporter-output>
        </test-method> <!-- testgetUser -->
        <test-method status="PASS" signature="testgetUser(java.lang.String)[pri:2, instance:api.test.DDTests@8646db9]" name="testgetUser" duration-ms="144" started-at="2024-04-26T13:33:32 EDT" data-provider="UserNames" finished-at="2024-04-26T13:33:32 EDT">
          <params>
            <param index="0">
              <value>
                <![CDATA[testuser2]]>
              </value>
            </param>
          </params>
          <reporter-output>
          </reporter-output>
        </test-method> <!-- testgetUser -->
        <test-method status="PASS" signature="testgetUser(java.lang.String)[pri:2, instance:api.test.DDTests@8646db9]" name="testgetUser" duration-ms="155" started-at="2024-04-26T13:33:32 EDT" data-provider="UserNames" finished-at="2024-04-26T13:33:32 EDT">
          <params>
            <param index="0">
              <value>
                <![CDATA[testuser3]]>
              </value>
            </param>
          </params>
          <reporter-output>
          </reporter-output>
        </test-method> <!-- testgetUser -->
        <test-method status="PASS" signature="testDeleteUserByName(java.lang.String)[pri:3, instance:api.test.DDTests@8646db9]" name="testDeleteUserByName" duration-ms="155" started-at="2024-04-26T13:33:33 EDT" data-provider="UserNames" finished-at="2024-04-26T13:33:33 EDT">
          <params>
            <param index="0">
              <value>
                <![CDATA[testuser1]]>
              </value>
            </param>
          </params>
          <reporter-output>
          </reporter-output>
        </test-method> <!-- testDeleteUserByName -->
        <test-method status="PASS" signature="testDeleteUserByName(java.lang.String)[pri:3, instance:api.test.DDTests@8646db9]" name="testDeleteUserByName" duration-ms="162" started-at="2024-04-26T13:33:33 EDT" data-provider="UserNames" finished-at="2024-04-26T13:33:33 EDT">
          <params>
            <param index="0">
              <value>
                <![CDATA[testuser2]]>
              </value>
            </param>
          </params>
          <reporter-output>
          </reporter-output>
        </test-method> <!-- testDeleteUserByName -->
        <test-method status="PASS" signature="testDeleteUserByName(java.lang.String)[pri:3, instance:api.test.DDTests@8646db9]" name="testDeleteUserByName" duration-ms="142" started-at="2024-04-26T13:33:33 EDT" data-provider="UserNames" finished-at="2024-04-26T13:33:33 EDT">
          <params>
            <param index="0">
              <value>
                <![CDATA[testuser3]]>
              </value>
            </param>
          </params>
          <reporter-output>
          </reporter-output>
        </test-method> <!-- testDeleteUserByName -->
      </class> <!-- api.test.DDTests -->
    </test> <!-- PetTest -->
  </suite> <!-- PetSuite -->
</testng-results>
