<?xml version="1.0" encoding="UTF-8"?>
<testng-results skipped="0" failed="0" ignored="0" total="13" passed="13">
  <reporter-output>
  </reporter-output>
  <suite name="Surefire suite" duration-ms="13398" started-at="2024-02-28T14:25:41 EST" finished-at="2024-02-28T14:25:54 EST">
    <groups>
    </groups>
    <test name="Surefire test" duration-ms="13398" started-at="2024-02-28T14:25:41 EST" finished-at="2024-02-28T14:25:54 EST">
      <class name="api.test.UserTests">
        <test-method status="PASS" signature="setupData()[pri:0, instance:api.test.UserTests@1f554b06]" name="setupData" is-config="true" duration-ms="462" started-at="2024-02-28T14:25:53 EST" finished-at="2024-02-28T14:25:53 EST">
          <reporter-output>
          </reporter-output>
        </test-method> <!-- setupData -->
        <test-method status="PASS" signature="testPostUser()[pri:1, instance:api.test.UserTests@1f554b06]" name="testPostUser" duration-ms="240" started-at="2024-02-28T14:25:53 EST" finished-at="2024-02-28T14:25:53 EST">
          <reporter-output>
          </reporter-output>
        </test-method> <!-- testPostUser -->
        <test-method status="PASS" signature="testGetUser()[pri:2, instance:api.test.UserTests@1f554b06]" name="testGetUser" duration-ms="162" started-at="2024-02-28T14:25:53 EST" finished-at="2024-02-28T14:25:53 EST">
          <reporter-output>
          </reporter-output>
        </test-method> <!-- testGetUser -->
        <test-method status="PASS" signature="updateUser()[pri:3, instance:api.test.UserTests@1f554b06]" name="updateUser" duration-ms="322" started-at="2024-02-28T14:25:53 EST" finished-at="2024-02-28T14:25:54 EST">
          <reporter-output>
          </reporter-output>
        </test-method> <!-- updateUser -->
        <test-method status="PASS" signature="testDeletetUser()[pri:4, instance:api.test.UserTests@1f554b06]" name="testDeletetUser" duration-ms="149" started-at="2024-02-28T14:25:54 EST" finished-at="2024-02-28T14:25:54 EST">
          <reporter-output>
          </reporter-output>
        </test-method> <!-- testDeletetUser -->
      </class> <!-- api.test.UserTests -->
      <class name="api.test.DDTests">
        <test-method status="PASS" signature="testPostUser(java.lang.String,java.lang.String,java.lang.String,java.lang.String,java.lang.String,java.lang.String,java.lang.String)[pri:1, instance:api.test.DDTests@47ef968d]" name="testPostUser" duration-ms="5800" started-at="2024-02-28T14:25:45 EST" data-provider="Data" finished-at="2024-02-28T14:25:51 EST">
          <params>
            <param index="0">
              <value>
                <![CDATA[1010]]>
              </value>
            </param>
            <param index="1">
              <value>
                <![CDATA[testuser1]]>
              </value>
            </param>
            <param index="2">
              <value>
                <![CDATA[John]]>
              </value>
            </param>
            <param index="3">
              <value>
                <![CDATA[Canedy]]>
              </value>
            </param>
            <param index="4">
              <value>
                <![CDATA[a@gmail.com]]>
              </value>
            </param>
            <param index="5">
              <value>
                <![CDATA[test@1]]>
              </value>
            </param>
            <param index="6">
              <value>
                <![CDATA[1234567897]]>
              </value>
            </param>
          </params>
          <reporter-output>
          </reporter-output>
        </test-method> <!-- testPostUser -->
        <test-method status="PASS" signature="testPostUser(java.lang.String,java.lang.String,java.lang.String,java.lang.String,java.lang.String,java.lang.String,java.lang.String)[pri:1, instance:api.test.DDTests@47ef968d]" name="testPostUser" duration-ms="195" started-at="2024-02-28T14:25:51 EST" data-provider="Data" finished-at="2024-02-28T14:25:51 EST">
          <params>
            <param index="0">
              <value>
                <![CDATA[1020]]>
              </value>
            </param>
            <param index="1">
              <value>
                <![CDATA[testuser2]]>
              </value>
            </param>
            <param index="2">
              <value>
                <![CDATA[Kim]]>
              </value>
            </param>
            <param index="3">
              <value>
                <![CDATA[Kom]]>
              </value>
            </param>
            <param index="4">
              <value>
                <![CDATA[b@gmail.com]]>
              </value>
            </param>
            <param index="5">
              <value>
                <![CDATA[test@2]]>
              </value>
            </param>
            <param index="6">
              <value>
                <![CDATA[1234567897]]>
              </value>
            </param>
          </params>
          <reporter-output>
          </reporter-output>
        </test-method> <!-- testPostUser -->
        <test-method status="PASS" signature="testPostUser(java.lang.String,java.lang.String,java.lang.String,java.lang.String,java.lang.String,java.lang.String,java.lang.String)[pri:1, instance:api.test.DDTests@47ef968d]" name="testPostUser" duration-ms="165" started-at="2024-02-28T14:25:51 EST" data-provider="Data" finished-at="2024-02-28T14:25:51 EST">
          <params>
            <param index="0">
              <value>
                <![CDATA[1030]]>
              </value>
            </param>
            <param index="1">
              <value>
                <![CDATA[testuser3]]>
              </value>
            </param>
            <param index="2">
              <value>
                <![CDATA[Smith]]>
              </value>
            </param>
            <param index="3">
              <value>
                <![CDATA[Steve]]>
              </value>
            </param>
            <param index="4">
              <value>
                <![CDATA[c@gmail.com]]>
              </value>
            </param>
            <param index="5">
              <value>
                <![CDATA[test@3]]>
              </value>
            </param>
            <param index="6">
              <value>
                <![CDATA[1234567897]]>
              </value>
            </param>
          </params>
          <reporter-output>
          </reporter-output>
        </test-method> <!-- testPostUser -->
        <test-method status="PASS" signature="testgetUser(java.lang.String)[pri:2, instance:api.test.DDTests@47ef968d]" name="testgetUser" duration-ms="337" started-at="2024-02-28T14:25:51 EST" data-provider="UserNames" finished-at="2024-02-28T14:25:52 EST">
          <params>
            <param index="0">
              <value>
                <![CDATA[testuser1]]>
              </value>
            </param>
          </params>
          <reporter-output>
          </reporter-output>
        </test-method> <!-- testgetUser -->
        <test-method status="PASS" signature="testgetUser(java.lang.String)[pri:2, instance:api.test.DDTests@47ef968d]" name="testgetUser" duration-ms="195" started-at="2024-02-28T14:25:52 EST" data-provider="UserNames" finished-at="2024-02-28T14:25:52 EST">
          <params>
            <param index="0">
              <value>
                <![CDATA[testuser2]]>
              </value>
            </param>
          </params>
          <reporter-output>
          </reporter-output>
        </test-method> <!-- testgetUser -->
        <test-method status="PASS" signature="testgetUser(java.lang.String)[pri:2, instance:api.test.DDTests@47ef968d]" name="testgetUser" duration-ms="158" started-at="2024-02-28T14:25:52 EST" data-provider="UserNames" finished-at="2024-02-28T14:25:52 EST">
          <params>
            <param index="0">
              <value>
                <![CDATA[testuser3]]>
              </value>
            </param>
          </params>
          <reporter-output>
          </reporter-output>
        </test-method> <!-- testgetUser -->
        <test-method status="PASS" signature="testDeleteUserByName(java.lang.String)[pri:3, instance:api.test.DDTests@47ef968d]" name="testDeleteUserByName" duration-ms="164" started-at="2024-02-28T14:25:52 EST" data-provider="UserNames" finished-at="2024-02-28T14:25:52 EST">
          <params>
            <param index="0">
              <value>
                <![CDATA[testuser1]]>
              </value>
            </param>
          </params>
          <reporter-output>
          </reporter-output>
        </test-method> <!-- testDeleteUserByName -->
        <test-method status="PASS" signature="testDeleteUserByName(java.lang.String)[pri:3, instance:api.test.DDTests@47ef968d]" name="testDeleteUserByName" duration-ms="158" started-at="2024-02-28T14:25:52 EST" data-provider="UserNames" finished-at="2024-02-28T14:25:52 EST">
          <params>
            <param index="0">
              <value>
                <![CDATA[testuser2]]>
              </value>
            </param>
          </params>
          <reporter-output>
          </reporter-output>
        </test-method> <!-- testDeleteUserByName -->
        <test-method status="PASS" signature="testDeleteUserByName(java.lang.String)[pri:3, instance:api.test.DDTests@47ef968d]" name="testDeleteUserByName" duration-ms="148" started-at="2024-02-28T14:25:52 EST" data-provider="UserNames" finished-at="2024-02-28T14:25:53 EST">
          <params>
            <param index="0">
              <value>
                <![CDATA[testuser3]]>
              </value>
            </param>
          </params>
          <reporter-output>
          </reporter-output>
        </test-method> <!-- testDeleteUserByName -->
      </class> <!-- api.test.DDTests -->
    </test> <!-- Surefire test -->
  </suite> <!-- Surefire suite -->
</testng-results>
