<?xml version="1.0" encoding="UTF-8"?>
<!-- Generated by org.testng.reporters.JUnitXMLReporter -->
<testsuite hostname="DESKTOP-Q6H280O" ignored="0" name="PetTest" tests="21" failures="0" timestamp="2024-04-26T13:33:33 EDT" time="11.265" errors="0">
  <testcase name="testPostUser" time="3.573" classname="api.test.UserTests"/>
  <testcase name="testGetUser" time="0.234" classname="api.test.UserTests"/>
  <testcase name="updateUser" time="0.302" classname="api.test.UserTests"/>
  <testcase name="testDeletetUser" time="0.15" classname="api.test.UserTests"/>
  <testcase name="testPostUser" time="0.177" classname="api.test.UserTests2"/>
  <testcase name="testGetUser" time="0.168" classname="api.test.UserTests2"/>
  <testcase name="updateUser" time="0.32" classname="api.test.UserTests2"/>
  <testcase name="testDeletetUser" time="0.16" classname="api.test.UserTests2"/>
  <testcase name="testPostPet" time="0.19" classname="api.test.PetTests"/>
  <testcase name="testGetPetById" time="0.188" classname="api.test.PetTests"/>
  <testcase name="testUpdatePet" time="0.317" classname="api.test.PetTests"/>
  <testcase name="testDeletetPet" time="0.143" classname="api.test.PetTests"/>
  <testcase name="testPostUser" time="0.171" classname="api.test.DDTests"/>
  <testcase name="testPostUser" time="0.148" classname="api.test.DDTests"/>
  <testcase name="testPostUser" time="0.15" classname="api.test.DDTests"/>
  <testcase name="testgetUser" time="0.141" classname="api.test.DDTests"/>
  <testcase name="testgetUser" time="0.144" classname="api.test.DDTests"/>
  <testcase name="testgetUser" time="0.155" classname="api.test.DDTests"/>
  <testcase name="testDeleteUserByName" time="0.155" classname="api.test.DDTests"/>
  <testcase name="testDeleteUserByName" time="0.162" classname="api.test.DDTests"/>
  <testcase name="testDeleteUserByName" time="0.142" classname="api.test.DDTests"/>
</testsuite> <!-- PetTest -->
