<?xml version="1.0" encoding="UTF-8"?>
<!-- Generated by org.testng.reporters.JUnitXMLReporter -->
<testsuite hostname="DESKTOP-Q6H280O" ignored="0" name="Default test" tests="9" failures="0" timestamp="2024-02-27T14:50:22 EST" time="11.402" errors="0">
  <testcase name="testPostUser" time="5.9" classname="api.test.DDTests"/>
  <testcase name="testPostUser" time="0.266" classname="api.test.DDTests"/>
  <testcase name="testPostUser" time="0.2" classname="api.test.DDTests"/>
  <testcase name="testgetUser" time="0.355" classname="api.test.DDTests"/>
  <testcase name="testgetUser" time="0.185" classname="api.test.DDTests"/>
  <testcase name="testgetUser" time="0.168" classname="api.test.DDTests"/>
  <testcase name="testDeleteUserByName" time="0.211" classname="api.test.DDTests"/>
  <testcase name="testDeleteUserByName" time="0.171" classname="api.test.DDTests"/>
  <testcase name="testDeleteUserByName" time="0.224" classname="api.test.DDTests"/>
</testsuite> <!-- Default test -->
