<?xml version="1.0" encoding="UTF-8"?>
<!-- Generated by org.testng.reporters.JUnitXMLReporter -->
<testsuite hostname="DESKTOP-Q6H280O" ignored="0" name="Surefire test" tests="13" failures="0" timestamp="2024-02-28T14:25:54 EST" time="13.398" errors="0">
  <testcase name="testPostUser" time="5.8" classname="api.test.DDTests"/>
  <testcase name="testPostUser" time="0.195" classname="api.test.DDTests"/>
  <testcase name="testPostUser" time="0.165" classname="api.test.DDTests"/>
  <testcase name="testgetUser" time="0.337" classname="api.test.DDTests"/>
  <testcase name="testgetUser" time="0.195" classname="api.test.DDTests"/>
  <testcase name="testgetUser" time="0.158" classname="api.test.DDTests"/>
  <testcase name="testDeleteUserByName" time="0.164" classname="api.test.DDTests"/>
  <testcase name="testDeleteUserByName" time="0.158" classname="api.test.DDTests"/>
  <testcase name="testDeleteUserByName" time="0.148" classname="api.test.DDTests"/>
  <testcase name="testPostUser" time="0.24" classname="api.test.UserTests"/>
  <testcase name="testGetUser" time="0.162" classname="api.test.UserTests"/>
  <testcase name="updateUser" time="0.322" classname="api.test.UserTests"/>
  <testcase name="testDeletetUser" time="0.149" classname="api.test.UserTests"/>
</testsuite> <!-- Surefire test -->
